make all --print-data-base --no-builtin-variables --no-builtin-rules --question
make: *** No rule to make target 'utils.o', needed by 'fractol'.  Stop.

# GNU Make 4.2.1
# Built for x86_64-pc-linux-gnu
# Copyright (C) 1988-2016 Free Software Foundation, Inc.
# License GPLv3+: GNU GPL version 3 or later <http://gnu.org/licenses/gpl.html>
# This is free software: you are free to change and redistribute it.
# There is NO WARRANTY, to the extent permitted by law.

# Make data base, printed on Sat May 13 14:04:40 2023

# Variables

# automatic
<D = $(patsubst %/,%,$(dir $<))
# automatic
?F = $(notdir $?)
# environment
DESKTOP_SESSION = ubuntu
# default
.SHELLFLAGS := -c
# makefile (from 'Makefile', line 29)
OBJ = $(SRC:.c=.o)
# environment
XDG_SESSION_CLASS = user
# makefile (from 'Makefile', line 26)
SRC = julia.c rat_julia.c create.c fract.c help.c utils.c mandelbrot.c barns.c sierp.c control.c print.c init.c
# environment
XDG_SESSION_TYPE = x11
# automatic
?D = $(patsubst %/,%,$(dir $?))
# automatic
@D = $(patsubst %/,%,$(dir $@))
# environment
XAUTHORITY = /nfs/homes/maruzibo/.Xauthority
# environment
GDMSESSION = ubuntu
# environment
XMODIFIERS = @im=ibus
# makefile
CURDIR := /nfs/homes/maruzibo/Desktop/fractals/fractol-final
# makefile
SHELL = /bin/sh
# environment
GDM_LANG = en
# environment
VTE_VERSION = 6003
# environment
VSCODE_NLS_CONFIG = {"locale":"en-us","availableLanguages":{},"_languagePackSupport":true}
# makefile (from 'Makefile', line 20)
MLX = ./mlx_linux/libmlx.a
# environment
JOURNAL_STREAM = 9:3157824
# makefile (from 'Makefile', line 17)
CFLAGS = -Wall -Werror -Wextra
# environment
XDG_CONFIG_DIRS = /etc/xdg/xdg-ubuntu:/etc/xdg
# makefile (from 'Makefile', line 1)
MAKEFILE_LIST :=  Makefile
# automatic
@F = $(notdir $@)
# environment
IM_CONFIG_PHASE = 1
# 'override' directive
GNUMAKEFLAGS := 
# environment
XDG_DATA_DIRS = /usr/share/gnome:/usr/share/ubuntu:/nfs/homes/maruzibo/.local/share/flatpak/exports/share:/var/lib/flatpak/exports/share:/usr/local/share:/usr/share:/var/lib/snapd/desktop
# environment
DBUS_SESSION_BUS_ADDRESS = unix:path=/run/user/101139/bus,guid=c1a59bb813b91db42397e77a645f5189
# environment
_ = /usr/bin/code
# environment
MANAGERPID = 560313
# environment
VSCODE_CWD = /nfs/homes/maruzibo/Desktop/fractals/fractol-final
# environment
XDG_SESSION_PATH = /org/freedesktop/DisplayManager/Session15
# environment
KRB5CCNAME = FILE:/tmp/krb5cc_101139_nLBtmR
# default
MAKE_HOST := x86_64-pc-linux-gnu
# environment
PATH = /nfs/homes/maruzibo/bin:/usr/local/sbin:/usr/local/bin:/usr/sbin:/usr/bin:/sbin:/bin:/usr/games:/usr/local/games:/snap/bin:/nfs/homes/maruzibo/.local/share/JetBrains/Toolbox/scripts:/nfs/homes/maruzibo/.local/bin
# environment
GPG_AGENT_INFO = /run/user/101139/gnupg/S.gpg-agent:0:1
# environment
SESSION_MANAGER = local/c1r1p9.42vienna.com:@/tmp/.ICE-unix/560886,unix/c1r1p9.42vienna.com:/tmp/.ICE-unix/560886
# environment
XDG_RUNTIME_DIR = /run/user/101139
# environment
XDG_MENU_PREFIX = gnome-
# environment
ELECTRON_RUN_AS_NODE = 1
# environment
INVOCATION_ID = 3cdbe226e7cd4ffe82e71a0ccc5c3a2d
# default
.FEATURES := target-specific order-only second-expansion else-if shortest-stem undefine oneshell archives jobserver output-sync check-symlink load
# environment
XDG_GREETER_DATA_DIR = /var/lib/lightdm-data/maruzibo
# environment
XDG_SESSION_DESKTOP = ubuntu
# environment
SSH_AUTH_SOCK = /run/user/101139/keyring/ssh
# automatic
%F = $(notdir $%)
# environment
DISPLAY = :0
# environment
PWD = /nfs/homes/maruzibo/Desktop/fractals/fractol-final
# default
.LOADED := 
# environment
SSH_AGENT_PID = 560848
# environment
ORIGINAL_XDG_CURRENT_DESKTOP = ubuntu:GNOME
# environment
GTK_MODULES = gail:atk-bridge
# environment
VSCODE_AMD_ENTRYPOINT = vs/workbench/api/node/extensionHostProcess
# environment
HOME = /nfs/homes/maruzibo
# environment
VSCODE_CLI = 1
# environment
VSCODE_CODE_CACHE_PATH = /nfs/homes/maruzibo/.config/Code/CachedData/97dec172d3256f8ca4bfb2143f3f76b503ca0534
# environment
LOGNAME = maruzibo
# environment
APPLICATION_INSIGHTS_NO_DIAGNOSTIC_CHANNEL = true
# environment
ELECTRON_NO_ATTACH_CONSOLE = 1
# environment
VSCODE_HANDLES_UNCAUGHT_ERRORS = true
# environment
GNOME_DESKTOP_SESSION_ID = this-is-deprecated
# automatic
^D = $(patsubst %/,%,$(dir $^))
# environment
MAKELEVEL := 0
# environment
COLORTERM = truecolor
# default
MAKE = $(MAKE_COMMAND)
# default
MAKECMDGOALS := all
# environment
QT_IM_MODULE = ibus
# environment
SHLVL = 1
# makefile (from 'Makefile', line 23)
LIBFT = ./libft/libft.a
# makefile (from 'Makefile', line 15)
CC = cc
# default
MAKE_VERSION := 4.2.1
# environment
USER = maruzibo
# makefile
.DEFAULT_GOAL := all
# environment
XDG_CURRENT_DESKTOP = Unity
# environment
LIBVIRT_DEFAULT_URI = qemu:///system
# automatic
%D = $(patsubst %/,%,$(dir $%))
# default
MAKE_COMMAND := make
# environment
OLDPWD = /nfs/homes/maruzibo/Desktop/fractals/fractol-final
# default
.VARIABLES := 
# automatic
*F = $(notdir $*)
# environment
LANGUAGE = en
# environment
XDG_SEAT_PATH = /org/freedesktop/DisplayManager/Seat0
# environment
VSCODE_IPC_HOOK = /run/user/101139/vscode-3589ccaf-1.74.3-main.sock
# makefile
MAKEFLAGS = pqrR
# environment
MFLAGS = -pqrR
# automatic
*D = $(patsubst %/,%,$(dir $*))
# automatic
+D = $(patsubst %/,%,$(dir $+))
# environment
GDK_BACKEND = x11
# automatic
+F = $(notdir $+)
# environment
QT_ACCESSIBILITY = 1
# default
MAKEFILES := 
# automatic
<F = $(notdir $<)
# environment
LC_ALL = C
# environment
DBUS_STARTER_BUS_TYPE = session
# environment
GNOME_TERMINAL_SCREEN = /org/gnome/Terminal/screen/5a3da033_f5f2_4ba6_87d1_982aed152f53
# automatic
^F = $(notdir $^)
# environment
GNOME_TERMINAL_SERVICE = :1.100
# default
SUFFIXES := 
# environment
CHROME_DESKTOP = code-url-handler.desktop
# default
.INCLUDE_DIRS = /usr/include /usr/local/include /usr/include
# makefile (from 'Makefile', line 13)
NAME = fractol
# default
.RECIPEPREFIX := 
# environment
LANG = C
# environment
TERM = xterm-256color
# environment
DOCKER_HOST = unix:///run/user/101139/docker.sock
# environment
VSCODE_PID = 565963
# environment
DBUS_STARTER_ADDRESS = unix:path=/run/user/101139/bus,guid=c1a59bb813b91db42397e77a645f5189
# variable set hash-table stats:
# Load=107/1024=10%, Rehash=0, Collisions=17/140=12%

# Pattern-specific Variable Values

# No pattern-specific variable values.

# Directories

# . (device 58, inode 29819161): 35 files, no impossibilities.

# 35 files, no impossibilities in 1 directories.

# Implicit Rules

# No implicit rules.

# Files

fractol: julia.o rat_julia.o create.o fract.o help.o utils.o mandelbrot.o barns.o sierp.o control.o print.o init.o
#  Implicit rule search has not been done.
#  Last modified 2023-05-13 13:38:19.674099355
#  File has not been updated.
#  recipe to execute (from 'Makefile', line 34):
	$(CC) $(OBJ) $(CFLAGS) $(LIBFT) $(MLX) -o $(NAME) -lXext -lX11 -lm

# Not a target:
fract.o:
#  Implicit rule search has been done.
#  Last modified 2023-05-13 13:30:25.128746718
#  File has been updated.
#  Successfully updated.

all: libft/libft.a mlx_linux/libmlx.a fractol
#  Phony target (prerequisite of .PHONY).
#  Command line target.
#  Implicit rule search has not been done.
#  File does not exist.
#  File has not been updated.

.PHONY: all clean fclean re
#  Implicit rule search has not been done.
#  Modification time never checked.
#  File has not been updated.

# Not a target:
print.o:
#  Implicit rule search has not been done.
#  Modification time never checked.
#  File has not been updated.

# Not a target:
sierp.o:
#  Implicit rule search has not been done.
#  Modification time never checked.
#  File has not been updated.

# Not a target:
Makefile:
#  Implicit rule search has been done.
 
#  Last modified 2023-05-13 14:04:00.437501015
#  File has been updated.
#  Successfully updated.

mlx_linux/libmlx.a:
#  Implicit rule search has not been done.
#  Last modified 2023-05-13 11:08:23.604073199
#  File has been updated.
#  Successfully updated.
#  recipe to execute (from 'Makefile', line 41):
	@make -C mlx_linux

# Not a target:
control.o:
#  Implicit rule search has not been done.
#  Modification time never checked.
#  File has not been updated.

# Not a target:
rat_julia.o:
#  Implicit rule search has been done.
#  Last modified 2023-05-13 11:53:11.089377463
#  File has been updated.
#  Successfully updated.

# Not a target:
create.o:
#  Implicit rule search has been done.
#  Last modified 2023-05-13 13:30:05.436855306
#  File has been updated.
#  Successfully updated.

libft/libft.a:
#  Implicit rule search has not been done.
#  Last modified 2023-05-13 11:08:21.768083149
#  File has been updated.
#  Successfully updated.
#  recipe to execute (from 'Makefile', line 38):
	@make -C libft

# Not a target:
help.o:
#  Implicit rule search has been done.
#  Last modified 2023-05-13 13:00:22.614695197
#  File has been updated.
#  Successfully updated.

fclean: clean
#  Phony target (prerequisite of .PHONY).
#  Implicit rule search has not been done.
#  File does not exist.
#  File has not been updated.
#  recipe to execute (from 'Makefile', line 49):
		@make fclean -C libft
		@rm -f $(NAME)
		@rm -f $(OBJ)

# Not a target:
barns.o:
#  Implicit rule search has not been done.
#  Modification time never checked.
#  File has not been updated.

# Not a target:
.DEFAULT:
#  Implicit rule search has not been done.
#  Modification time never checked.
#  File has not been updated.

# Not a target:
julia.o:
#  Implicit rule search has been done.
#  Last modified 2023-05-13 13:37:11.966478425
#  File has been updated.
#  Successfully updated.

re: fclean all
#  Phony target (prerequisite of .PHONY).
#  Implicit rule search has not been done.
#  File does not exist.
#  File has not been updated.

clean:
#  Phony target (prerequisite of .PHONY).
#  Implicit rule search has not been done.
#  File does not exist.
#  File has not been updated.
#  recipe to execute (from 'Makefile', line 44):
	@rm -f $(OBJ)
	@make clean -C libft
	@make clean -C mlx_linux

# Not a target:
mandelbrot.o:
#  Implicit rule search has not been done.
#  Modification time never checked.
#  File has not been updated.

# Not a target:
init.o:
#  Implicit rule search has not been done.
#  Modification time never checked.
#  File has not been updated.

# Not a target:
utils.o:
#  Implicit rule search has been done.
#  File does not exist.
#  File has not been updated.

# files hash-table stats:
# Load=23/1024=2%, Rehash=0, Collisions=4/59=7%
# VPATH Search Paths

# No 'vpath' search paths.

# No general ('VPATH' variable) search path.

# strcache buffers: 1 (0) / strings = 48 / storage = 434 B / avg = 9 B
# current buf: size = 8162 B / used = 434 B / count = 48 / avg = 9 B

# strcache performance: lookups = 82 / hit rate = 41%
# hash-table stats:
# Load=48/8192=1%, Rehash=0, Collisions=2/82=2%
# Finished Make data base on Sat May 13 14:04:40 2023

 
